16:57:37.159 INFO [general]  Config ( yes ): default properties from resource 'ethereumj.conf'
16:57:37.161 INFO [general]  Config ( no  ): user properties from -Dethereumj.conf.res resource 'null'
16:57:37.162 INFO [general]  Config ( no  ): user properties from resource 'user.conf'
16:57:37.162 INFO [general]  Config ( no  ): user properties from file '/Users/Cookie/AndroidStudioProjects/minerva-android-v2/MinervaApp/config/ethereumj.conf'
16:57:37.163 INFO [general]  Config ( no  ): test properties from resource 'test-ethereumj.conf'
16:57:37.163 INFO [general]  Config ( no  ): test properties from resource 'test-user.conf'
16:57:37.163 INFO [general]  Config ( no  ): user properties from -Dethereumj.conf.file file 'null'
16:57:37.164 INFO [general]  Config ( no  ): config passed via constructor
16:57:37.165 DEBUG [general]  Config trace: # ethereumj.conf: 166-413
blockchain {
    # ethereumj.conf: 166
    config {
        # ethereumj.conf: 166
        name=main
    }
    # ethereumj.conf: 413
    only=false
}
# ethereumj.conf: 419
blocks {
    # ethereumj.conf: 419
    loader=""
}
# ethereumj.conf: 213
cache {
    # ethereumj.conf: 234
    blockQueueSize=32
    # ethereumj.conf: 215
    flush {
        # ethereumj.conf: 224
        blocks=0
        # ethereumj.conf: 227
        shortSyncFlush=true
        # ethereumj.conf: 219
        writeCacheSize=64
    }
    # ethereumj.conf: 237
    headerQueueSize=8
    # ethereumj.conf: 243
    maxStateBloomSize=128
    # ethereumj.conf: 231
    stateCacheSize=256
}
# ethereumj.conf: 422
crypto {
    # ethereumj.conf: 426-427
    hash {
        # ethereumj.conf: 426
        alg256=ETH-KECCAK-256
        # ethereumj.conf: 427
        alg512=ETH-KECCAK-512
    }
    # ethereumj.conf: 424
    providerName=SC
}
# ethereumj.conf: 174
database {
    # ethereumj.conf: 177
    dir=database
    # ethereumj.conf: 196
    incompatibleDatabaseBehavior=EXIT
    # ethereumj.conf: 202
    prune {
        # ethereumj.conf: 203
        enabled=true
        # ethereumj.conf: 208
        maxDepth=192
    }
    # ethereumj.conf: 183
    reset=false
    # ethereumj.conf: 189
    resetBlock=0
}
# ethereumj.conf: 347
dump {
    # ethereumj.conf: 360
    block=-1
    # ethereumj.conf: 364
    clean {
        # ethereumj.conf: 364
        on {
            # ethereumj.conf: 364
            restart=true
        }
    }
    # ethereumj.conf: 354
    dir=dmp
    # ethereumj.conf: 353
    full=false
    # ethereumj.conf: 361
    style=pretty
}
# ethereumj.conf: 152
genesis="frontier.json"
# ethereumj.conf: 395
hello {
    # ethereumj.conf: 395
    phrase=Dev
}
# ethereumj.conf: 410
keyvalue {
    # ethereumj.conf: 410
    datasource=leveldb
}
# ethereumj.conf: 285
mine {
    # ethereumj.conf: 304
    coinbase="0000000000000000000000000000000000000000"
    # ethereumj.conf: 295
    cpuMineThreads=4
    # ethereumj.conf: 308
    extraData="EthereumJ powered"
    # ethereumj.conf: 301
    fullDataSet=true
    # ethereumj.conf: 317
    minBlockTimeoutMsec=0
    # ethereumj.conf: 314
    minGasPrice=15000000000
    # ethereumj.conf: 291
    start=false
    # ethereumj.conf: 321
    startNonce=null
}
# ethereumj.conf: 1-79
peer {
    # ethereumj.conf: 94
    active=[]
    # ethereumj.conf: 123
    capabilities=[
        # ethereumj.conf: 123
        eth
    ]
    # ethereumj.conf: 132
    channel {
        # ethereumj.conf: 132
        read {
            # ethereumj.conf: 132
            timeout=90
        }
    }
    # ethereumj.conf: 127
    connection {
        # ethereumj.conf: 127
        timeout=2
    }
    # ethereumj.conf: 1
    discovery {
        # ethereumj.conf: 54
        bind {
            # ethereumj.conf: 54
            ip=""
        }
        # ethereumj.conf: 8
        enabled=true
        # ethereumj.conf: 46
        external {
            # ethereumj.conf: 46
            ip=null
        }
        # ethereumj.conf: 13
        ip {
            # ethereumj.conf: 13
            list=[
                # ethereumj.conf: 15
                "frontier-2.ether.camp:30303",
                # ethereumj.conf: 16
                "frontier-3.ether.camp:30303",
                # ethereumj.conf: 17
                "frontier-4.ether.camp:30303",
                # ethereumj.conf: 20
                "5.1.83.226:30303",
                # ethereumj.conf: 23
                "54.94.239.50:30303",
                # ethereumj.conf: 24
                "52.16.188.185:30303",
                # ethereumj.conf: 25
                "52.74.57.123:30303",
                # ethereumj.conf: 28
                "163.172.157.114:30303",
                # ethereumj.conf: 29
                "136.243.154.244:30303",
                # ethereumj.conf: 30
                "88.212.206.70:30303",
                # ethereumj.conf: 31
                "37.128.191.230:30303",
                # ethereumj.conf: 32
                "46.20.235.22:30303",
                # ethereumj.conf: 33
                "216.158.85.185:30303",
                # ethereumj.conf: 34
                "212.47.247.103:30303",
                # ethereumj.conf: 35
                "138.201.144.135:30303",
                # ethereumj.conf: 36
                "45.55.33.62:30303",
                # ethereumj.conf: 37
                "188.166.255.12:30303",
                # ethereumj.conf: 38
                "159.203.210.80:30303",
                # ethereumj.conf: 39
                "51.15.42.252:30303",
                # ethereumj.conf: 40
                "163.172.171.38:30303"
            ]
        }
        # ethereumj.conf: 62
        persist=true
        # ethereumj.conf: 58
        public {
            # ethereumj.conf: 58
            home {
                # ethereumj.conf: 58
                node=true
            }
        }
        # ethereumj.conf: 71
        touchMaxNodes=100
        # ethereumj.conf: 67
        touchPeriod=600
        # ethereumj.conf: 76
        workers=8
    }
    # ethereumj.conf: 82
    listen {
        # ethereumj.conf: 82
        port=30303
    }
    # ethereumj.conf: 119
    maxActivePeers=30
    # ethereumj.conf: 85
    networkId=1
    # ethereumj.conf: 134
    p2p {
        # ethereumj.conf: 144
        eip8=true
        # ethereumj.conf: 140
        framing {
            # ethereumj.conf: 140
            maxSize=32768
        }
    }
    # ethereumj.conf: 105
    trusted=[]
}
# ethereumj.conf: 391
play {
    # ethereumj.conf: 391
    vm=true
}
# ethereumj.conf: 412
record {
    # ethereumj.conf: 412
    blocks=false
}
# ethereumj.conf: 407
root {
    # ethereumj.conf: 407
    hash {
        # ethereumj.conf: 407
        start=null
    }
}
# ethereumj.conf: 325
solc {
    # ethereumj.conf: 328
    path=null
}
# ethereumj.conf: 247
sync {
    # ethereumj.conf: 251
    enabled=true
    # ethereumj.conf: 281
    exitOnBlockConflict=false
    # ethereumj.conf: 254
    fast {
        # ethereumj.conf: 258
        enabled=false
    }
    # ethereumj.conf: 272
    peer {
        # ethereumj.conf: 272
        count=30
    }
}
# ethereumj.conf: 384
trace {
    # ethereumj.conf: 384
    startblock=-1
}
# ethereumj.conf: 340-344
transaction {
    # ethereumj.conf: 340
    approve {
        # ethereumj.conf: 340
        timeout=15
    }
    # ethereumj.conf: 344
    outdated {
        # ethereumj.conf: 344
        threshold=10
    }
}
# ethereumj.conf: 374
vm {
    # ethereumj.conf: 374
    structured {
        # ethereumj.conf: 377
        compressed=true
        # ethereumj.conf: 376
        dir=vmtrace
        # ethereumj.conf: 378
        initStorageLimit=10000
        # ethereumj.conf: 375
        trace=false
    }
}

